<?xml version="1.0" encoding="UTF-8"?>
<coverage generated="1678287103199" clover="3.2.0">
  <project timestamp="1678287103199" name="All files">
    <metrics statements="3" coveredstatements="3" conditionals="2" coveredconditionals="2" methods="3" coveredmethods="3" elements="8" coveredelements="8" complexity="0" loc="3" ncloc="3" packages="2" files="2" classes="2"/>
    <package name="nodejs-testing">
      <metrics statements="2" coveredstatements="2" conditionals="2" coveredconditionals="2" methods="2" coveredmethods="2"/>
      <file name="index.js" path="/Users/jgraff36/boca-code/nodejs-testing/index.js">
        <metrics statements="2" coveredstatements="2" conditionals="2" coveredconditionals="2" methods="2" coveredmethods="2"/>
        <line num="2" count="3" type="stmt"/>
        <line num="6" count="14" type="cond" truecount="2" falsecount="0"/>
      </file>
    </package>
    <package name="nodejs-testing.src">
      <metrics statements="1" coveredstatements="1" conditionals="0" coveredconditionals="0" methods="1" coveredmethods="1"/>
      <file name="utilities.js" path="/Users/jgraff36/boca-code/nodejs-testing/src/utilities.js">
        <metrics statements="1" coveredstatements="1" conditionals="0" coveredconditionals="0" methods="1" coveredmethods="1"/>
        <line num="2" count="3" type="stmt"/>
      </file>
    </package>
  </project>
</coverage>
