{"/Users/jgraff36/boca-code/nodejs-testing/index.js": {"path":"/Users/jgraff36/boca-code/nodejs-testing/index.js","statementMap":{"0":{"start":{"line":2,"column":4},"end":{"line":2,"column":51}},"1":{"start":{"line":6,"column":4},"end":{"line":6,"column":51}}},"fnMap":{"0":{"name":"calculateSalesTax","decl":{"start":{"line":1,"column":16},"end":{"line":1,"column":33}},"loc":{"start":{"line":1,"column":53},"end":{"line":3,"column":1}},"line":1},"1":{"name":"factorial","decl":{"start":{"line":5,"column":16},"end":{"line":5,"column":25}},"loc":{"start":{"line":5,"column":31},"end":{"line":7,"column":1}},"line":5}},"branchMap":{"0":{"loc":{"start":{"line":6,"column":11},"end":{"line":6,"column":51}},"type":"cond-expr","locations":[{"start":{"line":6,"column":23},"end":{"line":6,"column":24}},{"start":{"line":6,"column":27},"end":{"line":6,"column":51}}],"line":6}},"s":{"0":3,"1":14},"f":{"0":3,"1":14},"b":{"0":[3,11]},"_coverageSchema":"1a1c01bbd47fc00a2c39e90264f33305004495a9","hash":"84927145ad29b21236fee14e41d861fb5d032a94"}
,"/Users/jgraff36/boca-code/nodejs-testing/src/utilities.js": {"path":"/Users/jgraff36/boca-code/nodejs-testing/src/utilities.js","statementMap":{"0":{"start":{"line":2,"column":4},"end":{"line":2,"column":26}}},"fnMap":{"0":{"name":"sayHello","decl":{"start":{"line":1,"column":16},"end":{"line":1,"column":24}},"loc":{"start":{"line":1,"column":31},"end":{"line":3,"column":1}},"line":1}},"branchMap":{},"s":{"0":3},"f":{"0":3},"b":{},"_coverageSchema":"1a1c01bbd47fc00a2c39e90264f33305004495a9","hash":"41b0f68804b33ffebbe58b2dbd16d34ea352698c"}
}
